noisefit_evolve2/build/intermediates/manifest_merge_blame_file/debug/manifest-merger-blame-debug-report.txt
1<?xml version="1.0" encoding="utf-8"?>
2<manifest xmlns:android="http://schemas.android.com/apk/res/android"
3    package="com.noisefit_evolve2" >
4
5    <uses-sdk android:minSdkVersion="23" />
5-->src/main/AndroidManifest.xml
6
7    <uses-permission android:name="android.permission.BLUETOOTH_ADMIN" />
7-->src/main/AndroidManifest.xml:6:5-74
7-->src/main/AndroidManifest.xml:6:22-71
8
9</manifest>